[0m[[0mdebug[0m] [0mRunning TaskDef(main.com.galaxy.merchant.utils.ConversionUtilsSpec, org.scalatest.tools.Framework$$anon$1@4ba8091d, false, [SuiteSelector])[0m
[0m[[0mdebug[0m] [0mRunning TaskDef(main.com.galaxy.merchant.parser.GalanticTextParserSpec, org.scalatest.tools.Framework$$anon$1@4ba8091d, false, [SuiteSelector])[0m
[0m[[0mdebug[0m] [0mRunning TaskDef(main.com.galaxy.merchant.test.TestSpec, org.scalatest.tools.Framework$$anon$1@4ba8091d, false, [SuiteSelector])[0m
[0m[[0mdebug[0m] [0mRunning TaskDef(main.com.galaxy.merchant.parser.ConversionRulesSpec, org.scalatest.tools.Framework$$anon$1@4ba8091d, false, [SuiteSelector])[0m
[0m[[0minfo[0m] [0m[36mRun completed in 199 milliseconds.[0m[0m
[0m[[0minfo[0m] [0m[36mTotal number of tests run: 1[0m[0m
[0m[[0minfo[0m] [0m[36mSuites: completed 4, aborted 0[0m[0m
[0m[[0minfo[0m] [0m[36mTests: succeeded 0, failed 1, canceled 0, ignored 0, pending 0[0m[0m
[0m[[0minfo[0m] [0m[31m*** 1 TEST FAILED ***[0m[0m
[0m[[0mdebug[0m] [0mPassed tests:[0m
[0m[[0mdebug[0m] [0m	main.com.galaxy.merchant.test.TestSpec[0m
[0m[[0mdebug[0m] [0m	main.com.galaxy.merchant.parser.ConversionRulesSpec[0m
[0m[[0mdebug[0m] [0m	main.com.galaxy.merchant.parser.GalanticTextParserSpec[0m
[0m[[31merror[0m] [0mFailed tests:[0m
[0m[[31merror[0m] [0m	main.com.galaxy.merchant.utils.ConversionUtilsSpec[0m
[0m[[31merror[0m] [0m(test:[31mtest[0m) sbt.TestsFailedException: Tests unsuccessful[0m
